2022-06-04 13:55:20 [scrapy.utils.log] INFO: Scrapy 2.6.1 started (bot: health_redis)
2022-06-04 13:55:20 [scrapy.utils.log] INFO: Versions: lxml 4.8.0.0, libxml2 2.9.12, cssselect 1.1.0, parsel 1.6.0, w3lib 1.22.0, Twisted 22.4.0, Python 3.8.3 (tags/v3.8.3:6f8c832, May 13 2020, 22:37:02) [MSC v.1924 64 bit (AMD64)], pyOpenSSL 22.0.0 (OpenSSL 3.0.3 3 May 2022), cryptography 37.0.2, Platform Windows-10-10.0.19041-SP0
2022-06-04 13:55:20 [scrapy.crawler] INFO: Overridden settings:
{'BOT_NAME': 'health_redis',
 'DUPEFILTER_CLASS': 'scrapy_redis.dupefilter.RFPDupeFilter',
 'LOG_FILE': 'logs\\health_redis\\healdir\\257ba1cbe3ba11ecbf067cb27d6148f0.log',
 'NEWSPIDER_MODULE': 'health_redis.spiders',
 'SCHEDULER': 'scrapy_redis.scheduler.Scheduler',
 'SPIDER_MODULES': ['health_redis.spiders']}
2022-06-04 13:55:20 [scrapy.utils.log] DEBUG: Using reactor: twisted.internet.selectreactor.SelectReactor
2022-06-04 13:55:20 [scrapy.extensions.telnet] INFO: Telnet Password: 63a2b18a45aa2cb6
2022-06-04 13:55:20 [scrapy.middleware] INFO: Enabled extensions:
['scrapy.extensions.corestats.CoreStats',
 'scrapy.extensions.telnet.TelnetConsole',
 'scrapy.extensions.logstats.LogStats']
2022-06-04 13:55:20 [twisted] CRITICAL: Unhandled error in Deferred:
2022-06-04 13:55:20 [twisted] CRITICAL: 
Traceback (most recent call last):
  File "c:\users\46121\pycharmprojects\comp5703cs65_nlp\vr_envver\lib\site-packages\twisted\internet\defer.py", line 1660, in _inlineCallbacks
    result = current_context.run(gen.send, result)
  File "c:\users\46121\pycharmprojects\comp5703cs65_nlp\vr_envver\lib\site-packages\scrapy\crawler.py", line 102, in crawl
    self.engine = self._create_engine()
  File "c:\users\46121\pycharmprojects\comp5703cs65_nlp\vr_envver\lib\site-packages\scrapy\crawler.py", line 116, in _create_engine
    return ExecutionEngine(self, lambda _: self.stop())
  File "c:\users\46121\pycharmprojects\comp5703cs65_nlp\vr_envver\lib\site-packages\scrapy\core\engine.py", line 81, in __init__
    self.scheduler_cls = self._get_scheduler_class(crawler.settings)
  File "c:\users\46121\pycharmprojects\comp5703cs65_nlp\vr_envver\lib\site-packages\scrapy\core\engine.py", line 89, in _get_scheduler_class
    scheduler_cls = load_object(settings["SCHEDULER"])
  File "c:\users\46121\pycharmprojects\comp5703cs65_nlp\vr_envver\lib\site-packages\scrapy\utils\misc.py", line 61, in load_object
    mod = import_module(module)
  File "C:\Users\46121\AppData\Local\Programs\Python\Python38\lib\importlib\__init__.py", line 127, in import_module
    return _bootstrap._gcd_import(name[level:], package, level)
  File "<frozen importlib._bootstrap>", line 1014, in _gcd_import
  File "<frozen importlib._bootstrap>", line 991, in _find_and_load
  File "<frozen importlib._bootstrap>", line 961, in _find_and_load_unlocked
  File "<frozen importlib._bootstrap>", line 219, in _call_with_frames_removed
  File "<frozen importlib._bootstrap>", line 1014, in _gcd_import
  File "<frozen importlib._bootstrap>", line 991, in _find_and_load
  File "<frozen importlib._bootstrap>", line 973, in _find_and_load_unlocked
ModuleNotFoundError: No module named 'scrapy_redis'
