ERROR - 2022-06-01 22:41:13,886 - process: 7472 - utils.py - polls.utils - 84 - utils - unsupported operand type(s) for +=: 'int' and 'str'
Traceback (most recent call last):
  File "C:\Users\46121\PycharmProjects\COMP5703CS65_NLP\polls\utils.py", line 82, in wrapper
    result = func(*args, **kwargs)
  File "C:\Users\46121\PycharmProjects\COMP5703CS65_NLP\vr_envver\lib\site-packages\django\views\decorators\csrf.py", line 54, in wrapped_view
    return view_func(*args, **kwargs)
  File "C:\Users\46121\PycharmProjects\COMP5703CS65_NLP\vr_envver\lib\site-packages\django\views\generic\base.py", line 84, in view
    return self.dispatch(request, *args, **kwargs)
  File "C:\Users\46121\PycharmProjects\COMP5703CS65_NLP\vr_envver\lib\site-packages\rest_framework\views.py", line 509, in dispatch
    response = self.handle_exception(exc)
  File "C:\Users\46121\PycharmProjects\COMP5703CS65_NLP\vr_envver\lib\site-packages\rest_framework\views.py", line 469, in handle_exception
    self.raise_uncaught_exception(exc)
  File "C:\Users\46121\PycharmProjects\COMP5703CS65_NLP\vr_envver\lib\site-packages\rest_framework\views.py", line 480, in raise_uncaught_exception
    raise exc
  File "C:\Users\46121\PycharmProjects\COMP5703CS65_NLP\vr_envver\lib\site-packages\rest_framework\views.py", line 506, in dispatch
    response = handler(request, *args, **kwargs)
  File "C:\Users\46121\PycharmProjects\COMP5703CS65_NLP\vr_envver\lib\site-packages\rest_framework\decorators.py", line 50, in handler
    return func(*args, **kwargs)
  File "C:\Users\46121\PycharmProjects\COMP5703CS65_NLP\polls\views.py", line 1141, in neo4j_get_labels
    counts += row["Counts"]
TypeError: unsupported operand type(s) for +=: 'int' and 'str'
ERROR - 2022-06-01 22:41:28,981 - process: 7472 - utils.py - polls.utils - 84 - utils - unsupported operand type(s) for +=: 'int' and 'str'
Traceback (most recent call last):
  File "C:\Users\46121\PycharmProjects\COMP5703CS65_NLP\polls\utils.py", line 82, in wrapper
    result = func(*args, **kwargs)
  File "C:\Users\46121\PycharmProjects\COMP5703CS65_NLP\vr_envver\lib\site-packages\django\views\decorators\csrf.py", line 54, in wrapped_view
    return view_func(*args, **kwargs)
  File "C:\Users\46121\PycharmProjects\COMP5703CS65_NLP\vr_envver\lib\site-packages\django\views\generic\base.py", line 84, in view
    return self.dispatch(request, *args, **kwargs)
  File "C:\Users\46121\PycharmProjects\COMP5703CS65_NLP\vr_envver\lib\site-packages\rest_framework\views.py", line 509, in dispatch
    response = self.handle_exception(exc)
  File "C:\Users\46121\PycharmProjects\COMP5703CS65_NLP\vr_envver\lib\site-packages\rest_framework\views.py", line 469, in handle_exception
    self.raise_uncaught_exception(exc)
  File "C:\Users\46121\PycharmProjects\COMP5703CS65_NLP\vr_envver\lib\site-packages\rest_framework\views.py", line 480, in raise_uncaught_exception
    raise exc
  File "C:\Users\46121\PycharmProjects\COMP5703CS65_NLP\vr_envver\lib\site-packages\rest_framework\views.py", line 506, in dispatch
    response = handler(request, *args, **kwargs)
  File "C:\Users\46121\PycharmProjects\COMP5703CS65_NLP\vr_envver\lib\site-packages\rest_framework\decorators.py", line 50, in handler
    return func(*args, **kwargs)
  File "C:\Users\46121\PycharmProjects\COMP5703CS65_NLP\polls\views.py", line 1141, in neo4j_get_labels
    counts += row["Counts"]
TypeError: unsupported operand type(s) for +=: 'int' and 'str'
